Servidor HTTP está rodando na porta 80
Servidor HTTP está rodando na porta 80
Servidor HTTP está rodando na porta 80
Recebido: GET /
Recebido: GET /favicon.ico
node:events:497
      throw er; // Unhandled 'error' event
      ^

Error: listen EADDRINUSE: address already in use 0.0.0.0:80
    at Server.setupListenHandle [as _listen2] (node:net:1893:16)
    at listenInCluster (node:net:1941:12)
    at doListen (node:net:2096:7)
    at process.processTicksAndRejections (node:internal/process/task_queues:83:21)
Emitted 'error' event on Server instance at:
    at emitErrorNT (node:net:1920:8)
    at process.processTicksAndRejections (node:internal/process/task_queues:82:21) {
  code: 'EADDRINUSE',
  errno: -98,
  syscall: 'listen',
  address: '0.0.0.0',
  port: 80
}

Node.js v21.6.1
node:events:497
      throw er; // Unhandled 'error' event
      ^

Error: listen EADDRINUSE: address already in use 0.0.0.0:80
    at Server.setupListenHandle [as _listen2] (node:net:1893:16)
    at listenInCluster (node:net:1941:12)
    at doListen (node:net:2096:7)
    at process.processTicksAndRejections (node:internal/process/task_queues:83:21)
Emitted 'error' event on Server instance at:
    at emitErrorNT (node:net:1920:8)
    at process.processTicksAndRejections (node:internal/process/task_queues:82:21) {
  code: 'EADDRINUSE',
  errno: -98,
  syscall: 'listen',
  address: '0.0.0.0',
  port: 80
}

Node.js v21.6.1
Recebido: GET /
Recebido: GET /favicon.ico
3/15/2024, 11:11:05 PM - Servidor HTTP está rodando na porta 80
3/15/2024, 11:12:12 PM - Servidor HTTPS está rodando na porta 443
3/15/2024, 11:12:12 PM - Servidor HTTP está rodando na porta 80
3/15/2024, 11:13:39 PM - Servidor HTTPS está rodando na porta 443
3/15/2024, 11:13:39 PM - Servidor HTTP está rodando na porta 80
3/15/2024, 11:20:44 PM - Servidor HTTPS está rodando na porta 443
3/15/2024, 11:20:44 PM - Servidor HTTP está rodando na porta 80
3/15/2024, 11:33:07 PM - Servidor HTTPS está rodando na porta 443
3/15/2024, 11:33:07 PM - Servidor HTTP está rodando na porta 80
3/15/2024, 11:34:59 PM - Servidor HTTPS está rodando na porta 443
3/15/2024, 11:34:59 PM - Servidor HTTP está rodando na porta 80
